# JRE version: OpenJDK Runtime Environment (8.0_152-b01) (build 1.8.0_152-release-915-b01)
# Java VM: OpenJDK 64-Bit Server VM (25.152-b01 mixed mode windows-amd64 compressed oops)
Heap:
 PSYoungGen      total 164864K, used 34993K [0x00000000e0000000, 0x00000000ecf00000, 0x0000000100000000)
  eden space 150016K, 23% used [0x00000000e0000000,0x00000000e222c5e0,0x00000000e9280000)
  from space 14848K, 0% used [0x00000000ea180000,0x00000000ea180000,0x00000000eb000000)
  to   space 15360K, 0% used [0x00000000e9280000,0x00000000e9280000,0x00000000ea180000)
 ParOldGen       total 100352K, used 17211K [0x00000000a0000000, 0x00000000a6200000, 0x00000000e0000000)
  object space 100352K, 17% used [0x00000000a0000000,0x00000000a10ced30,0x00000000a6200000)
 Metaspace       used 38879K, capacity 39872K, committed 40192K, reserved 1083392K
  class space    used 5255K, capacity 5628K, committed 5632K, reserved 1048576K
GC Heap History (10 events):
Event: 3.488 GC heap before
{Heap before GC invocations=4 (full 1):
 PSYoungGen      total 76288K, used 7052K [0x00000000e0000000, 0x00000000e9500000, 0x0000000100000000)
  eden space 65536K, 0% used [0x00000000e0000000,0x00000000e0000000,0x00000000e4000000)
  from space 10752K, 65% used [0x00000000e4000000,0x00000000e46e31d0,0x00000000e4a80000)
  to   space 10752K, 0% used [0x00000000e8a80000,0x00000000e8a80000,0x00000000e9500000)
 ParOldGen       total 175104K, used 1455K [0x00000000a0000000, 0x00000000aab00000, 0x00000000e0000000)
  object space 175104K, 0% used [0x00000000a0000000,0x00000000a016bf28,0x00000000aab00000)
 Metaspace       used 20699K, capacity 21124K, committed 21248K, reserved 1067008K
  class space    used 2863K, capacity 3039K, committed 3072K, reserved 1048576K
Event: 3.569 GC heap after
Heap after GC invocations=4 (full 1):
 PSYoungGen      total 76288K, used 0K [0x00000000e0000000, 0x00000000e9500000, 0x0000000100000000)
  eden space 65536K, 0% used [0x00000000e0000000,0x00000000e0000000,0x00000000e4000000)
  from space 10752K, 0% used [0x00000000e4000000,0x00000000e4000000,0x00000000e4a80000)
  to   space 10752K, 0% used [0x00000000e8a80000,0x00000000e8a80000,0x00000000e9500000)
 ParOldGen       total 100352K, used 6959K [0x00000000a0000000, 0x00000000a6200000, 0x00000000e0000000)
  object space 100352K, 6% used [0x00000000a0000000,0x00000000a06cbd58,0x00000000a6200000)
 Metaspace       used 20699K, capacity 21124K, committed 21248K, reserved 1067008K
  class space    used 2863K, capacity 3039K, committed 3072K, reserved 1048576K
}
Event: 71.489 GC heap before
{Heap before GC invocations=5 (full 1):
 PSYoungGen      total 76288K, used 65536K [0x00000000e0000000, 0x00000000e9500000, 0x0000000100000000)
  eden space 65536K, 100% used [0x00000000e0000000,0x00000000e4000000,0x00000000e4000000)
  from space 10752K, 0% used [0x00000000e4000000,0x00000000e4000000,0x00000000e4a80000)
  to   space 10752K, 0% used [0x00000000e8a80000,0x00000000e8a80000,0x00000000e9500000)
 ParOldGen       total 100352K, used 6959K [0x00000000a0000000, 0x00000000a6200000, 0x00000000e0000000)
  object space 100352K, 6% used [0x00000000a0000000,0x00000000a06cbd58,0x00000000a6200000)
 Metaspace       used 25170K, capacity 25726K, committed 25984K, reserved 1071104K
  class space    used 3466K, capacity 3658K, committed 3712K, reserved 1048576K
Event: 71.505 GC heap after
Heap after GC invocations=5 (full 1):
 PSYoungGen      total 107008K, used 6065K [0x00000000e0000000, 0x00000000e9080000, 0x0000000100000000)
  eden space 100864K, 0% used [0x00000000e0000000,0x00000000e0000000,0x00000000e6280000)
  from space 6144K, 98% used [0x00000000e8a80000,0x00000000e906c780,0x00000000e9080000)
  to   space 10752K, 0% used [0x00000000e7b80000,0x00000000e7b80000,0x00000000e8600000)
 ParOldGen       total 100352K, used 6967K [0x00000000a0000000, 0x00000000a6200000, 0x00000000e0000000)
  object space 100352K, 6% used [0x00000000a0000000,0x00000000a06cdd58,0x00000000a6200000)
 Metaspace       used 25170K, capacity 25726K, committed 25984K, reserved 1071104K
  class space    used 3466K, capacity 3658K, committed 3712K, reserved 1048576K
}
Event: 74.512 GC heap before
{Heap before GC invocations=6 (full 1):
 PSYoungGen      total 107008K, used 106929K [0x00000000e0000000, 0x00000000e9080000, 0x0000000100000000)
  eden space 100864K, 100% used [0x00000000e0000000,0x00000000e6280000,0x00000000e6280000)
  from space 6144K, 98% used [0x00000000e8a80000,0x00000000e906c780,0x00000000e9080000)
  to   space 10752K, 0% used [0x00000000e7b80000,0x00000000e7b80000,0x00000000e8600000)
 ParOldGen       total 100352K, used 6967K [0x00000000a0000000, 0x00000000a6200000, 0x00000000e0000000)
  object space 100352K, 6% used [0x00000000a0000000,0x00000000a06cdd58,0x00000000a6200000)
 Metaspace       used 31915K, capacity 32660K, committed 32896K, reserved 1077248K
  class space    used 4376K, capacity 4646K, committed 4736K, reserved 1048576K
Event: 74.542 GC heap after
Heap after GC invocations=6 (full 1):
 PSYoungGen      total 137216K, used 10748K [0x00000000e0000000, 0x00000000eb000000, 0x0000000100000000)
  eden space 126464K, 0% used [0x00000000e0000000,0x00000000e0000000,0x00000000e7b80000)
  from space 10752K, 99% used [0x00000000e7b80000,0x00000000e85ff168,0x00000000e8600000)
  to   space 14848K, 0% used [0x00000000ea180000,0x00000000ea180000,0x00000000eb000000)
 ParOldGen       total 100352K, used 8431K [0x00000000a0000000, 0x00000000a6200000, 0x00000000e0000000)
  object space 100352K, 8% used [0x00000000a0000000,0x00000000a083bc48,0x00000000a6200000)
 Metaspace       used 31915K, capacity 32660K, committed 32896K, reserved 1077248K
  class space    used 4376K, capacity 4646K, committed 4736K, reserved 1048576K
}
Event: 79.045 GC heap before
{Heap before GC invocations=7 (full 1):
 PSYoungGen      total 137216K, used 58747K [0x00000000e0000000, 0x00000000eb000000, 0x0000000100000000)
  eden space 126464K, 37% used [0x00000000e0000000,0x00000000e2edfdd0,0x00000000e7b80000)
  from space 10752K, 99% used [0x00000000e7b80000,0x00000000e85ff168,0x00000000e8600000)
  to   space 14848K, 0% used [0x00000000ea180000,0x00000000ea180000,0x00000000eb000000)
 ParOldGen       total 100352K, used 8431K [0x00000000a0000000, 0x00000000a6200000, 0x00000000e0000000)
  object space 100352K, 8% used [0x00000000a0000000,0x00000000a083bc48,0x00000000a6200000)
 Metaspace       used 34384K, capacity 35262K, committed 35416K, reserved 1079296K
  class space    used 4677K, capacity 5026K, committed 5120K, reserved 1048576K
Event: 79.056 GC heap after
Heap after GC invocations=7 (full 1):
 PSYoungGen      total 164864K, used 10924K [0x00000000e0000000, 0x00000000ecf00000, 0x0000000100000000)
  eden space 150016K, 0% used [0x00000000e0000000,0x00000000e0000000,0x00000000e9280000)
  from space 14848K, 73% used [0x00000000ea180000,0x00000000eac2b388,0x00000000eb000000)
  to   space 15360K, 0% used [0x00000000e9280000,0x00000000e9280000,0x00000000ea180000)
 ParOldGen       total 100352K, used 8503K [0x00000000a0000000, 0x00000000a6200000, 0x00000000e0000000)
  object space 100352K, 8% used [0x00000000a0000000,0x00000000a084dc58,0x00000000a6200000)
 Metaspace       used 34384K, capacity 35262K, committed 35416K, reserved 1079296K
  class space    used 4677K, capacity 5026K, committed 5120K, reserved 1048576K
}
Event: 79.056 GC heap before
{Heap before GC invocations=8 (full 2):
 PSYoungGen      total 164864K, used 10924K [0x00000000e0000000, 0x00000000ecf00000, 0x0000000100000000)
  eden space 150016K, 0% used [0x00000000e0000000,0x00000000e0000000,0x00000000e9280000)
  from space 14848K, 73% used [0x00000000ea180000,0x00000000eac2b388,0x00000000eb000000)
  to   space 15360K, 0% used [0x00000000e9280000,0x00000000e9280000,0x00000000ea180000)
 ParOldGen       total 100352K, used 8503K [0x00000000a0000000, 0x00000000a6200000, 0x00000000e0000000)
  object space 100352K, 8% used [0x00000000a0000000,0x00000000a084dc58,0x00000000a6200000)
 Metaspace       used 34384K, capacity 35262K, committed 35416K, reserved 1079296K
  class space    used 4677K, capacity 5026K, committed 5120K, reserved 1048576K
Event: 79.120 GC heap after
Heap after GC invocations=8 (full 2):
 PSYoungGen      total 164864K, used 0K [0x00000000e0000000, 0x00000000ecf00000, 0x0000000100000000)
  eden space 150016K, 0% used [0x00000000e0000000,0x00000000e0000000,0x00000000e9280000)
  from space 14848K, 0% used [0x00000000ea180000,0x00000000ea180000,0x00000000eb000000)
  to   space 15360K, 0% used [0x00000000e9280000,0x00000000e9280000,0x00000000ea180000)
 ParOldGen       total 100352K, used 17211K [0x00000000a0000000, 0x00000000a6200000, 0x00000000e0000000)
  object space 100352K, 17% used [0x00000000a0000000,0x00000000a10ced30,0x00000000a6200000)
 Metaspace       used 34384K, capacity 35262K, committed 35416K, reserved 1079296K
  class space    used 4677K, capacity 5026K, committed 5120K, reserved 1048576K
}

