# JRE version: OpenJDK Runtime Environment (8.0_152-b01) (build 1.8.0_152-release-915-b01)
# Java VM: OpenJDK 64-Bit Server VM (25.152-b01 mixed mode windows-amd64 compressed oops)
Heap:
 PSYoungGen      total 199168K, used 115883K [0x00000000e0000000, 0x00000000f5e00000, 0x0000000100000000)
  eden space 184320K, 62% used [0x00000000e0000000,0x00000000e712ac50,0x00000000eb400000)
  from space 14848K, 0% used [0x00000000ecc00000,0x00000000ecc00000,0x00000000eda80000)
  to   space 24576K, 0% used [0x00000000eb400000,0x00000000eb400000,0x00000000ecc00000)
 ParOldGen       total 124416K, used 40515K [0x00000000a0000000, 0x00000000a7980000, 0x00000000e0000000)
  object space 124416K, 32% used [0x00000000a0000000,0x00000000a2790fa0,0x00000000a7980000)
 Metaspace       used 58442K, capacity 60794K, committed 61016K, reserved 1101824K
  class space    used 7926K, capacity 8557K, committed 8576K, reserved 1048576K
GC Heap History (10 events):
Event: 12.010 GC heap before
{Heap before GC invocations=7 (full 1):
 PSYoungGen      total 139264K, used 23569K [0x00000000e0000000, 0x00000000eda80000, 0x0000000100000000)
  eden space 128512K, 9% used [0x00000000e0000000,0x00000000e0c86b48,0x00000000e7d80000)
  from space 10752K, 99% used [0x00000000e7d80000,0x00000000e87fda80,0x00000000e8800000)
  to   space 14848K, 0% used [0x00000000ecc00000,0x00000000ecc00000,0x00000000eda80000)
 ParOldGen       total 89088K, used 8586K [0x00000000a0000000, 0x00000000a5700000, 0x00000000e0000000)
  object space 89088K, 9% used [0x00000000a0000000,0x00000000a0862b08,0x00000000a5700000)
 Metaspace       used 34560K, capacity 35292K, committed 35416K, reserved 1079296K
  class space    used 4635K, capacity 4927K, committed 4992K, reserved 1048576K
Event: 12.021 GC heap after
Heap after GC invocations=7 (full 1):
 PSYoungGen      total 209408K, used 8216K [0x00000000e0000000, 0x00000000ef500000, 0x0000000100000000)
  eden space 194560K, 0% used [0x00000000e0000000,0x00000000e0000000,0x00000000ebe00000)
  from space 14848K, 55% used [0x00000000ecc00000,0x00000000ed4060f0,0x00000000eda80000)
  to   space 14336K, 0% used [0x00000000ebe00000,0x00000000ebe00000,0x00000000ecc00000)
 ParOldGen       total 89088K, used 8658K [0x00000000a0000000, 0x00000000a5700000, 0x00000000e0000000)
  object space 89088K, 9% used [0x00000000a0000000,0x00000000a0874b18,0x00000000a5700000)
 Metaspace       used 34560K, capacity 35292K, committed 35416K, reserved 1079296K
  class space    used 4635K, capacity 4927K, committed 4992K, reserved 1048576K
}
Event: 12.021 GC heap before
{Heap before GC invocations=8 (full 2):
 PSYoungGen      total 209408K, used 8216K [0x00000000e0000000, 0x00000000ef500000, 0x0000000100000000)
  eden space 194560K, 0% used [0x00000000e0000000,0x00000000e0000000,0x00000000ebe00000)
  from space 14848K, 55% used [0x00000000ecc00000,0x00000000ed4060f0,0x00000000eda80000)
  to   space 14336K, 0% used [0x00000000ebe00000,0x00000000ebe00000,0x00000000ecc00000)
 ParOldGen       total 89088K, used 8658K [0x00000000a0000000, 0x00000000a5700000, 0x00000000e0000000)
  object space 89088K, 9% used [0x00000000a0000000,0x00000000a0874b18,0x00000000a5700000)
 Metaspace       used 34560K, capacity 35292K, committed 35416K, reserved 1079296K
  class space    used 4635K, capacity 4927K, committed 4992K, reserved 1048576K
Event: 12.076 GC heap after
Heap after GC invocations=8 (full 2):
 PSYoungGen      total 209408K, used 0K [0x00000000e0000000, 0x00000000ef500000, 0x0000000100000000)
  eden space 194560K, 0% used [0x00000000e0000000,0x00000000e0000000,0x00000000ebe00000)
  from space 14848K, 0% used [0x00000000ecc00000,0x00000000ecc00000,0x00000000eda80000)
  to   space 14336K, 0% used [0x00000000ebe00000,0x00000000ebe00000,0x00000000ecc00000)
 ParOldGen       total 124416K, used 14627K [0x00000000a0000000, 0x00000000a7980000, 0x00000000e0000000)
  object space 124416K, 11% used [0x00000000a0000000,0x00000000a0e48c28,0x00000000a7980000)
 Metaspace       used 34509K, capacity 35160K, committed 35416K, reserved 1079296K
  class space    used 4621K, capacity 4883K, committed 4992K, reserved 1048576K
}
Event: 18.966 GC heap before
{Heap before GC invocations=9 (full 2):
 PSYoungGen      total 209408K, used 194560K [0x00000000e0000000, 0x00000000ef500000, 0x0000000100000000)
  eden space 194560K, 100% used [0x00000000e0000000,0x00000000ebe00000,0x00000000ebe00000)
  from space 14848K, 0% used [0x00000000ecc00000,0x00000000ecc00000,0x00000000eda80000)
  to   space 14336K, 0% used [0x00000000ebe00000,0x00000000ebe00000,0x00000000ecc00000)
 ParOldGen       total 124416K, used 14627K [0x00000000a0000000, 0x00000000a7980000, 0x00000000e0000000)
  object space 124416K, 11% used [0x00000000a0000000,0x00000000a0e48c28,0x00000000a7980000)
 Metaspace       used 46478K, capacity 47648K, committed 47960K, reserved 1091584K
  class space    used 6133K, capacity 6521K, committed 6528K, reserved 1048576K
Event: 18.991 GC heap after
Heap after GC invocations=9 (full 2):
 PSYoungGen      total 208896K, used 14316K [0x00000000e0000000, 0x00000000ef500000, 0x0000000100000000)
  eden space 194560K, 0% used [0x00000000e0000000,0x00000000e0000000,0x00000000ebe00000)
  from space 14336K, 99% used [0x00000000ebe00000,0x00000000ecbfb158,0x00000000ecc00000)
  to   space 14848K, 0% used [0x00000000ecc00000,0x00000000ecc00000,0x00000000eda80000)
 ParOldGen       total 124416K, used 19517K [0x00000000a0000000, 0x00000000a7980000, 0x00000000e0000000)
  object space 124416K, 15% used [0x00000000a0000000,0x00000000a130f4b0,0x00000000a7980000)
 Metaspace       used 46478K, capacity 47648K, committed 47960K, reserved 1091584K
  class space    used 6133K, capacity 6521K, committed 6528K, reserved 1048576K
}
Event: 22.131 GC heap before
{Heap before GC invocations=10 (full 2):
 PSYoungGen      total 208896K, used 205933K [0x00000000e0000000, 0x00000000ef500000, 0x0000000100000000)
  eden space 194560K, 98% used [0x00000000e0000000,0x00000000ebb202d8,0x00000000ebe00000)
  from space 14336K, 99% used [0x00000000ebe00000,0x00000000ecbfb158,0x00000000ecc00000)
  to   space 14848K, 0% used [0x00000000ecc00000,0x00000000ecc00000,0x00000000eda80000)
 ParOldGen       total 124416K, used 19517K [0x00000000a0000000, 0x00000000a7980000, 0x00000000e0000000)
  object space 124416K, 15% used [0x00000000a0000000,0x00000000a130f4b0,0x00000000a7980000)
 Metaspace       used 57095K, capacity 58954K, committed 59028K, reserved 1099776K
  class space    used 7668K, capacity 8160K, committed 8192K, reserved 1048576K
Event: 22.163 GC heap after
Heap after GC invocations=10 (full 2):
 PSYoungGen      total 199168K, used 14830K [0x00000000e0000000, 0x00000000f5e00000, 0x0000000100000000)
  eden space 184320K, 0% used [0x00000000e0000000,0x00000000e0000000,0x00000000eb400000)
  from space 14848K, 99% used [0x00000000ecc00000,0x00000000eda7bbc8,0x00000000eda80000)
  to   space 24576K, 0% used [0x00000000eb400000,0x00000000eb400000,0x00000000ecc00000)
 ParOldGen       total 124416K, used 31554K [0x00000000a0000000, 0x00000000a7980000, 0x00000000e0000000)
  object space 124416K, 25% used [0x00000000a0000000,0x00000000a1ed0b68,0x00000000a7980000)
 Metaspace       used 57095K, capacity 58954K, committed 59028K, reserved 1099776K
  class space    used 7668K, capacity 8160K, committed 8192K, reserved 1048576K
}
Event: 22.163 GC heap before
{Heap before GC invocations=11 (full 3):
 PSYoungGen      total 199168K, used 14830K [0x00000000e0000000, 0x00000000f5e00000, 0x0000000100000000)
  eden space 184320K, 0% used [0x00000000e0000000,0x00000000e0000000,0x00000000eb400000)
  from space 14848K, 99% used [0x00000000ecc00000,0x00000000eda7bbc8,0x00000000eda80000)
  to   space 24576K, 0% used [0x00000000eb400000,0x00000000eb400000,0x00000000ecc00000)
 ParOldGen       total 124416K, used 31554K [0x00000000a0000000, 0x00000000a7980000, 0x00000000e0000000)
  object space 124416K, 25% used [0x00000000a0000000,0x00000000a1ed0b68,0x00000000a7980000)
 Metaspace       used 57095K, capacity 58954K, committed 59028K, reserved 1099776K
  class space    used 7668K, capacity 8160K, committed 8192K, reserved 1048576K
Event: 22.430 GC heap after
Heap after GC invocations=11 (full 3):
 PSYoungGen      total 199168K, used 0K [0x00000000e0000000, 0x00000000f5e00000, 0x0000000100000000)
  eden space 184320K, 0% used [0x00000000e0000000,0x00000000e0000000,0x00000000eb400000)
  from space 14848K, 0% used [0x00000000ecc00000,0x00000000ecc00000,0x00000000eda80000)
  to   space 24576K, 0% used [0x00000000eb400000,0x00000000eb400000,0x00000000ecc00000)
 ParOldGen       total 124416K, used 40515K [0x00000000a0000000, 0x00000000a7980000, 0x00000000e0000000)
  object space 124416K, 32% used [0x00000000a0000000,0x00000000a2790fa0,0x00000000a7980000)
 Metaspace       used 57095K, capacity 58954K, committed 59028K, reserved 1099776K
  class space    used 7668K, capacity 8160K, committed 8192K, reserved 1048576K
}

